[debug] [2023-01-16T19:49:41.796Z] ----------------------------------------------------------------------
[debug] [2023-01-16T19:49:41.800Z] Command:       /opt/homebrew/Cellar/node/17.6.0_1/bin/node /opt/homebrew/bin/firebase deploy
[debug] [2023-01-16T19:49:41.801Z] CLI Version:   11.15.0
[debug] [2023-01-16T19:49:41.801Z] Platform:      darwin
[debug] [2023-01-16T19:49:41.802Z] Node Version:  v17.6.0
[debug] [2023-01-16T19:49:41.806Z] Time:          Mon Jan 16 2023 20:49:41 GMT+0100 (heure normale d’Europe centrale)
[debug] [2023-01-16T19:49:41.807Z] ----------------------------------------------------------------------
[debug] 
[debug] [2023-01-16T19:49:41.952Z] > command requires scopes: ["email","openid","https://www.googleapis.com/auth/cloudplatformprojects.readonly","https://www.googleapis.com/auth/firebase","https://www.googleapis.com/auth/cloud-platform"]
[debug] [2023-01-16T19:49:41.954Z] > authorizing via signed-in user (sciencecalc7@gmail.com)
[debug] [2023-01-16T19:49:41.954Z] [iam] checking project samirbenjalhumanoid for permissions ["firebase.projects.get","firebasehosting.sites.update"]
[debug] [2023-01-16T19:49:41.957Z] > refreshing access token with scopes: []
[debug] [2023-01-16T19:49:41.960Z] >>> [apiv2][query] POST https://www.googleapis.com/oauth2/v3/token [none]
[debug] [2023-01-16T19:49:41.961Z] >>> [apiv2][body] POST https://www.googleapis.com/oauth2/v3/token [omitted]
[debug] [2023-01-16T19:49:42.141Z] <<< [apiv2][status] POST https://www.googleapis.com/oauth2/v3/token 200
[debug] [2023-01-16T19:49:42.141Z] <<< [apiv2][body] POST https://www.googleapis.com/oauth2/v3/token [omitted]
[debug] [2023-01-16T19:49:42.156Z] >>> [apiv2][query] POST https://cloudresourcemanager.googleapis.com/v1/projects/samirbenjalhumanoid:testIamPermissions [none]
[debug] [2023-01-16T19:49:42.157Z] >>> [apiv2][(partial)header] POST https://cloudresourcemanager.googleapis.com/v1/projects/samirbenjalhumanoid:testIamPermissions x-goog-quota-user=projects/samirbenjalhumanoid
[debug] [2023-01-16T19:49:42.157Z] >>> [apiv2][body] POST https://cloudresourcemanager.googleapis.com/v1/projects/samirbenjalhumanoid:testIamPermissions {"permissions":["firebase.projects.get","firebasehosting.sites.update"]}
[debug] [2023-01-16T19:49:42.937Z] <<< [apiv2][status] POST https://cloudresourcemanager.googleapis.com/v1/projects/samirbenjalhumanoid:testIamPermissions 200
[debug] [2023-01-16T19:49:42.937Z] <<< [apiv2][body] POST https://cloudresourcemanager.googleapis.com/v1/projects/samirbenjalhumanoid:testIamPermissions {"permissions":["firebase.projects.get","firebasehosting.sites.update"]}
[debug] [2023-01-16T19:49:42.939Z] >>> [apiv2][query] GET https://firebase.googleapis.com/v1beta1/projects/samirbenjalhumanoid [none]
[debug] [2023-01-16T19:49:43.258Z] <<< [apiv2][status] GET https://firebase.googleapis.com/v1beta1/projects/samirbenjalhumanoid 200
[debug] [2023-01-16T19:49:43.258Z] <<< [apiv2][body] GET https://firebase.googleapis.com/v1beta1/projects/samirbenjalhumanoid {"projectId":"samirbenjalhumanoid","projectNumber":"552051607278","displayName":"samirbenjalhumanoid","name":"projects/samirbenjalhumanoid","resources":{"hostingSite":"samirbenjalhumanoid"},"state":"ACTIVE","etag":"1_a1cfb2e6-6345-41e9-9d35-4283db587622"}
[info] 
[info] === Deploying to 'samirbenjalhumanoid'...
[info] 
[info] i  deploying hosting 
[debug] [2023-01-16T19:49:43.262Z] >>> [apiv2][query] POST https://firebasehosting.googleapis.com/v1beta1/projects/-/sites/samirbenjalhumanoid/versions [none]
[debug] [2023-01-16T19:49:43.262Z] >>> [apiv2][body] POST https://firebasehosting.googleapis.com/v1beta1/projects/-/sites/samirbenjalhumanoid/versions {"status":"CREATED","labels":{"deployment-tool":"cli-firebase"}}
[debug] [2023-01-16T19:49:44.457Z] <<< [apiv2][status] POST https://firebasehosting.googleapis.com/v1beta1/projects/-/sites/samirbenjalhumanoid/versions 200
[debug] [2023-01-16T19:49:44.458Z] <<< [apiv2][body] POST https://firebasehosting.googleapis.com/v1beta1/projects/-/sites/samirbenjalhumanoid/versions {"name":"projects/552051607278/sites/samirbenjalhumanoid/versions/c6f04cbecb2eb251","status":"CREATED","config":{},"labels":{"deployment-tool":"cli-firebase"}}
[info] i  hosting[samirbenjalhumanoid]: beginning deploy... 
[info] i  hosting[samirbenjalhumanoid]: found 31 files in build 
[debug] [2023-01-16T19:49:44.477Z] [hosting] uploading with 200 concurrency
[debug] [2023-01-16T19:49:44.485Z] [hosting] hash cache [YnVpbGQ] stored for 31 files
[debug] [2023-01-16T19:49:44.485Z] [hosting][hash queue][FINAL] {"max":1,"min":0,"avg":0,"active":0,"complete":31,"success":31,"errored":0,"retried":0,"total":31,"elapsed":4}
[debug] [2023-01-16T19:49:44.485Z] >>> [apiv2][query] POST https://firebasehosting.googleapis.com/v1beta1/projects/552051607278/sites/samirbenjalhumanoid/versions/c6f04cbecb2eb251:populateFiles [none]
[debug] [2023-01-16T19:49:44.485Z] >>> [apiv2][body] POST https://firebasehosting.googleapis.com/v1beta1/projects/552051607278/sites/samirbenjalhumanoid/versions/c6f04cbecb2eb251:populateFiles {"files":{"/asset-manifest.json":"97404aae3c3c57de15949888bd260467ce29adf61df3b31f7625eddbcef0c132","/favicon.ico":"b72f7455f00e4e58792d2bca892abb068e2213838c0316d6b7a0d6d16acd1955","/index.html":"67e6a2a69c3603dc251832b743cf26a251b60c215acd6e345d11b6ba983349ce","/logo192.png":"caff018b7f1e8fd481eb1c50d75b0ef236bcd5078b1d15c8bb348453fee30293","/logo512.png":"191fc21360b4ccfb1cda11a1efb97f489ed22672ca83f4064316802bbfdd750e","/manifest.json":"341d52628782f8ac9290bbfc43298afccb47b7cbfcee146ae30cf0f46bc30900","/robots.txt":"391d14b3c2f8c9143a27a28c7399585142228d4d1bdbe2c87ac946de411fa9a2","/static/css/main.2fbdfd83.css":"5057ab1321c8405ac2e7bf346460ebf87036b4bb4e6892cf4c2be896c17380b9","/static/css/main.2fbdfd83.css.map":"2b3a7a4db103d738ad9f2f0c377cc1141fb1632af92649e24fe94594b012562a","/static/js/787.0ba74588.chunk.js":"eab41844161418f1be841464a058b2292a48f190b07210034a52e12fcb98b578","/static/js/787.0ba74588.chunk.js.map":"cc17e9b28af0078fa63e82c3db931dd702dcf7215eaecf91d4bbcc555cf6c93c","/static/js/main.51b30279.js":"a3b8a417fdc59b871d9f96e2f836d4dadd02f14e317b18f4542d2f0ed502453d","/static/js/main.51b30279.js.LICENSE.txt":"27b7dd31403f8799d17ba53b517e0d118a4c01446fbd94b1a10f4c5ee049b0ce","/static/js/main.51b30279.js.map":"c6986df9704d2f6dabe93bd48d6c5ef0ed7cbb75bc53862a5030058bd3c432a4","/static/media/Halant-Bold.ee591f9a5ec435507686.ttf":"b180807d3a5f2723c5d1c1d7bf9ee917938d91764674cf59bc053ffe1c6e6f22","/static/media/Halant-Light.d74ac3f553ddacf67e6e.ttf":"90208b9b10625cda1e324817078541fb985b11f0758cae383bcf5d07295c3481","/static/media/Halant-Medium.bc1bf301bfb55d959b45.ttf":"8d063235c1c4c8c80ddbbc10156e01f38600df3931f8009943a127d48b2e1b89","/static/media/Halant-Regular.ea4ec821c84376b4ad22.ttf":"dd56c6f0f06629c839399fa076d2383091dacd6f60dfeb9a71cbd4a0d0bae230","/static/media/Halant-Semibold.59eba4eb1b925f407f45.ttf":"d32f5de1362bbf3a561099fde64dbba2a9fb7b7ecf862dc5a85a0c46058733f1","/static/media/Montserrat-Light.f0963fd9968fbd54cc35.ttf":"6d895d6ec52d4622a463f5962335a3fa225765e6aa0a1018c6c67db8c857d74a","/static/media/back1.efca0887926890271055.png":"9ee895440b3e50a8d1954baf5c063a25cf47648e3a7f720ce4dfc7f0f4372247","/static/media/calm_music.aa90998899cbff9c4126.mp3":"945f183f557af0a26f33e6a33b1531decc0216feb13ba5534e6da8d2256283c9","/static/media/glitch_sound.35168d2940ecf3693bd3.mp3":"e4595ba16ceac30ea36f65c2269c2b4e501d4fa8dcf07a00c689f8ecb4ad6242","/static/media/human_1.59cccbd6b66c1c5a19b1.png":"db6176d58f1f57683c5fa084a833e604ade6b531c865be9578b765aa84059fd2","/static/media/logo.6ce24c58023cc2f8fd88fe9d219db6c6.svg":"5f6ecf30024a00eebae8bb333ddc0f1c3d19fd8e7e6838404547f41abb63a8e8","/static/media/new_human_2.cbcde70132f0a5ec1dc3.jpg":"04d7a00acf8a208ab35cf85e507c7f6db321c6d5ab6c2a82108a7ff5b5f50aa9","/static/media/robot.f9ecb3e0df5677af330b.png":"773be7256150637927f79281d6a7a32ffb587d8e0981949c30d7fc246c3a7803","/static/media/robot_1_human_upscale.bc10b4501359b3118dd8.png":"c7ba145e3d2ecec62964a2a1ff4cb2287401d8619c59136fc2aaf66a5f800c67","/static/media/robot_upscale.88155d7897ab6f834e9b.png":"e6c65b778f50c4e8346bb3dee2c309e0d078e3f01a545c50b40de4db4a7689e0","/static/media/robothuman.86ddbd5ef6880adfc5c2.png":"37dfa2f148ff1a9cca9ba753127f65355d34a9ca09a418dafd465534ccdb9340","/static/media/sad_music.e5c478b454163c5e3b3b.mp3":"31d8cc57efc599f36b670e184c8756ed9c4cef148818a7003a517a4a3b69f101"}}
[debug] [2023-01-16T19:49:45.350Z] <<< [apiv2][status] POST https://firebasehosting.googleapis.com/v1beta1/projects/552051607278/sites/samirbenjalhumanoid/versions/c6f04cbecb2eb251:populateFiles 200
[debug] [2023-01-16T19:49:45.350Z] <<< [apiv2][body] POST https://firebasehosting.googleapis.com/v1beta1/projects/552051607278/sites/samirbenjalhumanoid/versions/c6f04cbecb2eb251:populateFiles {"uploadUrl":"https://upload-firebasehosting.googleapis.com/upload/sites/samirbenjalhumanoid/versions/c6f04cbecb2eb251/files"}
[debug] [2023-01-16T19:49:45.350Z] [hosting][populate queue][FINAL] {"max":867,"min":867,"avg":867,"active":0,"complete":1,"success":1,"errored":0,"retried":0,"total":1,"elapsed":867}
[debug] [2023-01-16T19:49:45.350Z] [hosting] uploads queued: 0
[debug] [2023-01-16T19:49:45.351Z] [hosting][upload queue][FINAL] {"max":0,"min":9999999999,"avg":0,"active":0,"complete":0,"success":0,"errored":0,"retried":0,"total":0,"elapsed":1673898585351}
[info] ✔  hosting[samirbenjalhumanoid]: file upload complete 
[debug] [2023-01-16T19:49:45.352Z] [hosting] deploy completed after 892ms
[debug] [2023-01-16T19:49:45.352Z] [
  {
    "config": {
      "public": "build",
      "ignore": [
        "firebase.json",
        "**/.*",
        "**/node_modules/**"
      ],
      "rewrites": [
        {
          "source": "**",
          "destination": "/index.html"
        }
      ],
      "site": "samirbenjalhumanoid"
    },
    "version": "projects/552051607278/sites/samirbenjalhumanoid/versions/c6f04cbecb2eb251"
  }
]
[info] i  hosting[samirbenjalhumanoid]: finalizing version... 
[debug] [2023-01-16T19:49:45.356Z] >>> [apiv2][query] PATCH https://firebasehosting.googleapis.com/v1beta1/projects/-/sites/samirbenjalhumanoid/versions/c6f04cbecb2eb251 updateMask=status%2Cconfig
[debug] [2023-01-16T19:49:45.356Z] >>> [apiv2][body] PATCH https://firebasehosting.googleapis.com/v1beta1/projects/-/sites/samirbenjalhumanoid/versions/c6f04cbecb2eb251 {"status":"FINALIZED","config":{"rewrites":[{"glob":"**","path":"/index.html"}]}}
[debug] [2023-01-16T19:49:46.291Z] <<< [apiv2][status] PATCH https://firebasehosting.googleapis.com/v1beta1/projects/-/sites/samirbenjalhumanoid/versions/c6f04cbecb2eb251 200
[debug] [2023-01-16T19:49:46.291Z] <<< [apiv2][body] PATCH https://firebasehosting.googleapis.com/v1beta1/projects/-/sites/samirbenjalhumanoid/versions/c6f04cbecb2eb251 {"name":"projects/552051607278/sites/samirbenjalhumanoid/versions/c6f04cbecb2eb251","status":"FINALIZED","config":{"rewrites":[{"glob":"**","path":"/index.html"}]},"labels":{"deployment-tool":"cli-firebase"},"createTime":"2023-01-16T19:49:44.012466Z","createUser":{"email":"sciencecalc7@gmail.com"},"finalizeTime":"2023-01-16T19:49:46.151557Z","finalizeUser":{"email":"sciencecalc7@gmail.com"}}
[debug] [2023-01-16T19:49:46.291Z] [hosting] finalized version for samirbenjalhumanoid:[object Object]
[info] ✔  hosting[samirbenjalhumanoid]: version finalized 
[info] i  hosting[samirbenjalhumanoid]: releasing new version... 
[debug] [2023-01-16T19:49:46.292Z] >>> [apiv2][query] POST https://firebasehosting.googleapis.com/v1beta1/projects/-/sites/samirbenjalhumanoid/channels/live/releases versionName=projects%2F552051607278%2Fsites%2Fsamirbenjalhumanoid%2Fversions%2Fc6f04cbecb2eb251
[debug] [2023-01-16T19:49:46.292Z] >>> [apiv2][body] POST https://firebasehosting.googleapis.com/v1beta1/projects/-/sites/samirbenjalhumanoid/channels/live/releases {}
